mode: set
TaskManager/controller.go:14.52,16.2 1 1
TaskManager/controller.go:18.68,19.34 1 1
TaskManager/controller.go:19.34,21.3 1 1
TaskManager/controller.go:21.8,25.17 3 1
TaskManager/controller.go:25.17,28.4 2 0
TaskManager/controller.go:30.3,31.18 2 1
TaskManager/controller.go:31.18,33.4 1 1
TaskManager/controller.go:37.69,38.34 1 1
TaskManager/controller.go:38.34,41.3 2 1
TaskManager/controller.go:43.2,46.16 3 1
TaskManager/controller.go:46.16,49.3 2 1
TaskManager/controller.go:51.2,52.17 2 1
TaskManager/controller.go:52.17,55.3 2 1
TaskManager/controller.go:57.2,58.17 2 1
TaskManager/controller.go:58.17,61.3 2 0
TaskManager/controller.go:63.2,64.17 2 1
TaskManager/controller.go:64.17,66.3 1 0
TaskManager/controller.go:69.70,70.35 1 1
TaskManager/controller.go:70.35,72.3 1 1
TaskManager/controller.go:72.8,74.17 2 1
TaskManager/controller.go:74.17,77.4 2 1
TaskManager/controller.go:79.3,82.18 3 1
TaskManager/controller.go:82.18,85.4 2 1
TaskManager/controller.go:87.3,90.53 4 1
TaskManager/controller.go:90.53,92.4 1 0
TaskManager/controller.go:97.69,98.34 1 1
TaskManager/controller.go:98.34,101.3 2 1
TaskManager/controller.go:103.2,106.16 3 1
TaskManager/controller.go:106.16,109.3 2 1
TaskManager/controller.go:111.2,112.17 2 1
TaskManager/controller.go:112.17,115.3 2 1
TaskManager/controller.go:117.2,117.30 1 1
TaskManager/controller.go:120.72,121.37 1 1
TaskManager/controller.go:121.37,124.3 2 1
TaskManager/controller.go:126.2,129.16 3 1
TaskManager/controller.go:129.16,132.3 2 1
TaskManager/controller.go:134.2,135.17 2 1
TaskManager/controller.go:135.17,137.3 1 1
TaskManager/controller.go:137.8,139.3 1 1
TaskManager/main.go:18.36,20.16 2 1
TaskManager/main.go:20.16,23.3 2 0
TaskManager/main.go:25.2,25.29 1 1
TaskManager/main.go:38.55,41.16 2 1
TaskManager/main.go:41.16,44.3 2 0
TaskManager/main.go:46.2,47.17 2 1
TaskManager/main.go:47.17,50.3 2 0
TaskManager/main.go:52.2,54.16 2 1
TaskManager/main.go:59.42,63.16 3 1
TaskManager/main.go:63.16,66.3 2 0
TaskManager/main.go:68.2,68.23 1 1
TaskManager/main.go:68.23,70.3 1 0
TaskManager/main.go:72.2,72.18 1 1
TaskManager/main.go:72.18,76.18 3 1
TaskManager/main.go:76.18,78.12 2 0
TaskManager/main.go:81.3,81.36 1 1
TaskManager/main.go:84.2,84.17 1 1
TaskManager/main.go:87.58,93.16 4 1
TaskManager/main.go:93.16,97.3 2 1
TaskManager/main.go:99.2,99.18 1 1
TaskManager/main.go:102.52,104.16 2 1
TaskManager/main.go:104.16,107.3 2 0
TaskManager/main.go:109.2,110.17 2 1
TaskManager/main.go:110.17,113.3 2 0
TaskManager/main.go:115.2,115.19 1 1
TaskManager/main.go:115.19,117.3 1 1
TaskManager/main.go:119.2,119.12 1 1
TaskManager/main.go:124.50,126.16 2 1
TaskManager/main.go:126.16,129.3 2 0
TaskManager/main.go:131.2,132.17 2 1
TaskManager/main.go:132.17,135.3 2 0
TaskManager/main.go:137.2,137.19 1 1
TaskManager/main.go:137.19,139.3 1 1
TaskManager/main.go:141.2,141.12 1 1
TaskManager/main.go:144.13,161.16 10 0
TaskManager/main.go:161.16,163.3 1 0
